2023-08-31T09:05:22,697  INFO 15048 --- [kground-preinit] o.h.v.i.u.Version                        : HV000001: Hibernate Validator 8.0.0.Final
2023-08-31T09:05:22,756  INFO 15048 --- [  restartedMain] c.t.d.t.ToeicExamApplication             : Starting ToeicExamApplication using Java 17.0.8 with PID 15048 (D:\Java\toeic-exam-app\target\classes started by vtronghieu in D:\Java\toeic-exam-app)
2023-08-31T09:05:22,760  INFO 15048 --- [  restartedMain] c.t.d.t.ToeicExamApplication             : No active profile set, falling back to 1 default profile: "default"
2023-08-31T09:05:22,816  INFO 15048 --- [  restartedMain] .e.DevToolsPropertyDefaultsPostProcessor : Devtools property defaults active! Set 'spring.devtools.add-properties' to 'false' to disable
2023-08-31T09:05:22,817  INFO 15048 --- [  restartedMain] .e.DevToolsPropertyDefaultsPostProcessor : For additional web related logging consider setting the 'logging.level.web' property to 'DEBUG'
2023-08-31T09:05:23,756  INFO 15048 --- [  restartedMain] .s.d.r.c.RepositoryConfigurationDelegate : Bootstrapping Spring Data MongoDB repositories in DEFAULT mode.
2023-08-31T09:05:23,908  INFO 15048 --- [  restartedMain] .s.d.r.c.RepositoryConfigurationDelegate : Finished Spring Data repository scanning in 148 ms. Found 12 MongoDB repository interfaces.
2023-08-31T09:05:24,609  INFO 15048 --- [  restartedMain] o.s.b.w.e.t.TomcatWebServer              : Tomcat initialized with port(s): 8080 (http)
2023-08-31T09:05:24,618  INFO 15048 --- [  restartedMain] o.a.c.h.Http11NioProtocol                : Initializing ProtocolHandler ["http-nio-8080"]
2023-08-31T09:05:24,619  INFO 15048 --- [  restartedMain] o.a.c.c.StandardService                  : Starting service [Tomcat]
2023-08-31T09:05:24,619  INFO 15048 --- [  restartedMain] o.a.c.c.StandardEngine                   : Starting Servlet engine: [Apache Tomcat/10.1.8]
2023-08-31T09:05:24,697  INFO 15048 --- [  restartedMain] o.a.c.c.C.[.[.[/]                        : Initializing Spring embedded WebApplicationContext
2023-08-31T09:05:24,699  INFO 15048 --- [  restartedMain] w.s.c.ServletWebServerApplicationContext : Root WebApplicationContext: initialization completed in 1881 ms
2023-08-31T09:05:24,882  INFO 15048 --- [  restartedMain] o.m.d.client                             : MongoClient with metadata {"driver": {"name": "mongo-java-driver|sync|spring-boot", "version": "4.9.1"}, "os": {"type": "Windows", "name": "Windows 11", "architecture": "amd64", "version": "10.0"}, "platform": "Java/IBM Corporation/17.0.8+6"} created with settings MongoClientSettings{readPreference=primary, writeConcern=WriteConcern{w=null, wTimeout=null ms, journal=null}, retryWrites=true, retryReads=true, readConcern=ReadConcern{level=null}, credential=null, streamFactoryFactory=null, commandListeners=[], codecRegistry=ProvidersCodecRegistry{codecProviders=[ValueCodecProvider{}, BsonValueCodecProvider{}, DBRefCodecProvider{}, DBObjectCodecProvider{}, DocumentCodecProvider{}, CollectionCodecProvider{}, IterableCodecProvider{}, MapCodecProvider{}, GeoJsonCodecProvider{}, GridFSFileCodecProvider{}, Jsr310CodecProvider{}, JsonObjectCodecProvider{}, BsonCodecProvider{}, EnumCodecProvider{}, com.mongodb.client.model.mql.ExpressionCodecProvider@38ee8833, com.mongodb.Jep395RecordCodecProvider@c22161b8]}, loggerSettings=LoggerSettings{maxDocumentLength=1000}, clusterSettings={hosts=[localhost:27017], srvServiceName=mongodb, mode=SINGLE, requiredClusterType=UNKNOWN, requiredReplicaSetName='null', serverSelector='null', clusterListeners='[]', serverSelectionTimeout='30000 ms', localThreshold='30000 ms'}, socketSettings=SocketSettings{connectTimeoutMS=10000, readTimeoutMS=0, receiveBufferSize=0, sendBufferSize=0}, heartbeatSocketSettings=SocketSettings{connectTimeoutMS=10000, readTimeoutMS=10000, receiveBufferSize=0, sendBufferSize=0}, connectionPoolSettings=ConnectionPoolSettings{maxSize=100, minSize=0, maxWaitTimeMS=120000, maxConnectionLifeTimeMS=0, maxConnectionIdleTimeMS=0, maintenanceInitialDelayMS=0, maintenanceFrequencyMS=60000, connectionPoolListeners=[], maxConnecting=2}, serverSettings=ServerSettings{heartbeatFrequencyMS=10000, minHeartbeatFrequencyMS=500, serverListeners='[]', serverMonitorListeners='[]'}, sslSettings=SslSettings{enabled=false, invalidHostNameAllowed=false, context=null}, applicationName='null', compressorList=[], uuidRepresentation=JAVA_LEGACY, serverApi=null, autoEncryptionSettings=null, contextProvider=null}
2023-08-31T09:05:24,897  INFO 15048 --- [localhost:27017] o.m.d.cluster                            : Monitor thread successfully connected to server with description ServerDescription{address=localhost:27017, type=STANDALONE, state=CONNECTED, ok=true, minWireVersion=0, maxWireVersion=17, maxDocumentSize=16777216, logicalSessionTimeoutMinutes=30, roundTripTimeNanos=16953200}
2023-08-31T09:05:25,608  INFO 15048 --- [  restartedMain] o.s.b.d.a.OptionalLiveReloadServer       : LiveReload server is running on port 35729
2023-08-31T09:05:26,128  INFO 15048 --- [  restartedMain] o.s.s.w.DefaultSecurityFilterChain       : Will secure any request with [org.springframework.security.web.session.DisableEncodeUrlFilter@f58973f2, org.springframework.security.web.context.request.async.WebAsyncManagerIntegrationFilter@47ec2a74, org.springframework.security.web.context.SecurityContextHolderFilter@6635e8e3, org.springframework.security.web.header.HeaderWriterFilter@c3b14d90, org.springframework.web.filter.CorsFilter@c1badaff, com.tip.dg4.toeic_exam.config.JwtAuthFilter@7b3e4897, org.springframework.security.web.savedrequest.RequestCacheAwareFilter@2cc8692f, org.springframework.security.web.servletapi.SecurityContextHolderAwareRequestFilter@cd82fb95, org.springframework.security.web.authentication.AnonymousAuthenticationFilter@3d6cb527, org.springframework.security.web.session.SessionManagementFilter@56505fb5, org.springframework.security.web.access.ExceptionTranslationFilter@2edcf998, org.springframework.security.web.access.intercept.AuthorizationFilter@8c74b16e]
2023-08-31T09:05:26,437  INFO 15048 --- [  restartedMain] o.a.c.h.Http11NioProtocol                : Starting ProtocolHandler ["http-nio-8080"]
2023-08-31T09:05:26,457  INFO 15048 --- [  restartedMain] o.s.b.w.e.t.TomcatWebServer              : Tomcat started on port(s): 8080 (http) with context path ''
2023-08-31T09:05:26,484  INFO 15048 --- [  restartedMain] c.t.d.t.ToeicExamApplication             : Started ToeicExamApplication in 4.073 seconds (process running for 5.389)
2023-08-31T09:05:36,839  INFO 15048 --- [nio-8080-exec-2] o.a.c.c.C.[.[.[/]                        : Initializing Spring DispatcherServlet 'dispatcherServlet'
2023-08-31T09:05:36,839  INFO 15048 --- [nio-8080-exec-2] o.s.w.s.DispatcherServlet                : Initializing Servlet 'dispatcherServlet'
2023-08-31T09:05:36,842  INFO 15048 --- [nio-8080-exec-2] o.s.w.s.DispatcherServlet                : Completed initialization in 3 ms
2023-08-31T09:05:37,910  INFO 15048 --- [nio-8080-exec-9] o.s.a.AbstractOpenApiResource            : Init duration for springdoc-openapi is: 719 ms
